STATUS:
On branch raw_work
Your branch is ahead of 'origin/master' by 2 commits.
  (use "git push" to publish your local commits)

All conflicts fixed but you are still merging.
  (use "git commit" to conclude merge)

Changes to be committed:
	new file:   check_employees.cjs
	new file:   check_franchises.cjs
	new file:   check_user.cjs
	new file:   clean_orphans.cjs
	modified:   dist/index.js
	modified:   dist/index.js.map
	modified:   dist/routes/api.js
	modified:   dist/routes/api.js.map
	modified:   dist/routes/dashboard.js
	modified:   dist/routes/dashboard.js.map
	modified:   dist/routes/hq.js
	modified:   dist/routes/hq.js.map
	new file:   inspect_requests.cjs
	deleted:    prisma/migrations/20260613090838/migration.sql
	deleted:    prisma/migrations/20260614084144/migration.sql
	deleted:    prisma/migrations/20260701094101/migration.sql
	deleted:    prisma/migrations/20260703104457_add_franchise_fields/migration.sql
	deleted:    prisma/migrations/20260704104909/migration.sql
	new file:   prisma/migrations/20260707093220/migration.sql
	new file:   prisma/migrations/20260708120551_npx_prisma_db_seed/migration.sql
	modified:   prisma/schema.prisma
	modified:   prisma/seed.ts
	new file:   query_requests.cjs
	new file:   restore_f001.cjs
	modified:   src/index.ts
	modified:   src/routes/api.ts
	modified:   src/routes/dashboard.ts
	modified:   src/routes/hq.ts
	new file:   temp_dash.cjs
	new file:   temp_query.cjs

Changes not staged for commit:
  (use "git add <file>..." to update what will be committed)
  (use "git restore <file>..." to discard changes in working directory)
	modified:   check_employees.cjs
	modified:   src/index.ts
	modified:   src/routes/api.ts

Untracked files:
  (use "git add <file>..." to include in what will be committed)
	generate_debug.log
	git_debug.log


DIFF:
diff --git a/prisma/schema.prisma b/prisma/schema.prisma
index a672db3..1c917f5 100644
--- a/prisma/schema.prisma
+++ b/prisma/schema.prisma
@@ -179,6 +179,7 @@ model Job {
   photos           String[]
   technicianId     String?
   franchiseId      String?
+  createdAt        DateTime   @default(now())
   franchise        Franchise? @relation(fields: [franchiseId], references: [id])
   isDeleted        Boolean    @default(false)
   deletedAt        String?
@@ -276,18 +277,3 @@ model Appointment {
   isDeleted   Boolean    @default(false)
   deletedAt   String?
 }
-
-model UserPermission {
-  id          String   @id @default(cuid())
-  employeeId  String   @unique
-  employee    Employee @relation(fields: [employeeId], references: [id], onDelete: Cascade)
-  modules     String[]
-  createdAt   DateTime @default(now())
-  updatedAt   DateTime @updatedAt
-}
-
-model RolePermission {
-  role        String   @id
-  permissions String[]
-}
-
